# JRE version: Java(TM) SE Runtime Environment (7.0_79-b15) (build 1.7.0_79-b15)
# Java VM: Java HotSpot(TM) 64-Bit Server VM (24.79-b02 mixed mode windows-amd64 compressed oops)
Heap
 PSYoungGen      total 116736K, used 30352K [0x00000000eaa80000, 0x00000000f5200000, 0x0000000100000000)
  eden space 110080K, 21% used [0x00000000eaa80000,0x00000000ec1d0010,0x00000000f1600000)
  from space 6656K, 97% used [0x00000000f4b80000,0x00000000f51d4010,0x00000000f5200000)
  to   space 14336K, 0% used [0x00000000f3600000,0x00000000f3600000,0x00000000f4400000)
 ParOldGen       total 67584K, used 18486K [0x00000000c0000000, 0x00000000c4200000, 0x00000000eaa80000)
  object space 67584K, 27% used [0x00000000c0000000,0x00000000c120da50,0x00000000c4200000)
 PSPermGen       total 79360K, used 44496K [0x00000000b0000000, 0x00000000b4d80000, 0x00000000c0000000)
  object space 79360K, 56% used [0x00000000b0000000,0x00000000b2b74398,0x00000000b4d80000)
GC Heap History (10 events):
Event: 5309.172 GC heap before
{Heap before GC invocations=27 (full 5):
 PSYoungGen      total 121856K, used 29358K [0x00000000eaa80000, 0x00000000f6780000, 0x0000000100000000)
  eden space 114688K, 19% used [0x00000000eaa80000,0x00000000ec08b978,0x00000000f1a80000)
  from space 7168K, 94% used [0x00000000f4b00000,0x00000000f51a0040,0x00000000f5200000)
  to   space 14848K, 0% used [0x00000000f5900000,0x00000000f5900000,0x00000000f6780000)
 ParOldGen       total 67584K, used 18587K [0x00000000c0000000, 0x00000000c4200000, 0x00000000eaa80000)
  object space 67584K, 27% used [0x00000000c0000000,0x00000000c1226f10,0x00000000c4200000)
 PSPermGen       total 88064K, used 44378K [0x00000000b0000000, 0x00000000b5600000, 0x00000000c0000000)
  object space 88064K, 50% used [0x00000000b0000000,0x00000000b2b568d8,0x00000000b5600000)
Event: 5309.568 GC heap after
Heap after GC invocations=27 (full 5):
 PSYoungGen      total 116736K, used 1889K [0x00000000eaa80000, 0x00000000f5b00000, 0x0000000100000000)
  eden space 114688K, 0% used [0x00000000eaa80000,0x00000000eaa80000,0x00000000f1a80000)
  from space 2048K, 92% used [0x00000000f5900000,0x00000000f5ad8460,0x00000000f5b00000)
  to   space 14848K, 0% used [0x00000000f3e00000,0x00000000f3e00000,0x00000000f4c80000)
 ParOldGen       total 67584K, used 23520K [0x00000000c0000000, 0x00000000c4200000, 0x00000000eaa80000)
  object space 67584K, 34% used [0x00000000c0000000,0x00000000c16f80a8,0x00000000c4200000)
 PSPermGen       total 88064K, used 44378K [0x00000000b0000000, 0x00000000b5600000, 0x00000000c0000000)
  object space 88064K, 50% used [0x00000000b0000000,0x00000000b2b568d8,0x00000000b5600000)
}
Event: 5309.569 GC heap before
{Heap before GC invocations=28 (full 6):
 PSYoungGen      total 116736K, used 1889K [0x00000000eaa80000, 0x00000000f5b00000, 0x0000000100000000)
  eden space 114688K, 0% used [0x00000000eaa80000,0x00000000eaa80000,0x00000000f1a80000)
  from space 2048K, 92% used [0x00000000f5900000,0x00000000f5ad8460,0x00000000f5b00000)
  to   space 14848K, 0% used [0x00000000f3e00000,0x00000000f3e00000,0x00000000f4c80000)
 ParOldGen       total 67584K, used 23520K [0x00000000c0000000, 0x00000000c4200000, 0x00000000eaa80000)
  object space 67584K, 34% used [0x00000000c0000000,0x00000000c16f80a8,0x00000000c4200000)
 PSPermGen       total 88064K, used 44378K [0x00000000b0000000, 0x00000000b5600000, 0x00000000c0000000)
  object space 88064K, 50% used [0x00000000b0000000,0x00000000b2b568d8,0x00000000b5600000)
Event: 5310.206 GC heap after
Heap after GC invocations=28 (full 6):
 PSYoungGen      total 116736K, used 0K [0x00000000eaa80000, 0x00000000f5b00000, 0x0000000100000000)
  eden space 114688K, 0% used [0x00000000eaa80000,0x00000000eaa80000,0x00000000f1a80000)
  from space 2048K, 0% used [0x00000000f5900000,0x00000000f5900000,0x00000000f5b00000)
  to   space 14848K, 0% used [0x00000000f3e00000,0x00000000f3e00000,0x00000000f4c80000)
 ParOldGen       total 67584K, used 24072K [0x00000000c0000000, 0x00000000c4200000, 0x00000000eaa80000)
  object space 67584K, 35% used [0x00000000c0000000,0x00000000c17822f8,0x00000000c4200000)
 PSPermGen       total 83968K, used 44355K [0x00000000b0000000, 0x00000000b5200000, 0x00000000c0000000)
  object space 83968K, 52% used [0x00000000b0000000,0x00000000b2b50cc8,0x00000000b5200000)
}
Event: 7190.821 GC heap before
{Heap before GC invocations=29 (full 6):
 PSYoungGen      total 116736K, used 69095K [0x00000000eaa80000, 0x00000000f5b00000, 0x0000000100000000)
  eden space 114688K, 60% used [0x00000000eaa80000,0x00000000eedf9d38,0x00000000f1a80000)
  from space 2048K, 0% used [0x00000000f5900000,0x00000000f5900000,0x00000000f5b00000)
  to   space 14848K, 0% used [0x00000000f3e00000,0x00000000f3e00000,0x00000000f4c80000)
 ParOldGen       total 67584K, used 24072K [0x00000000c0000000, 0x00000000c4200000, 0x00000000eaa80000)
  object space 67584K, 35% used [0x00000000c0000000,0x00000000c17822f8,0x00000000c4200000)
 PSPermGen       total 83968K, used 44478K [0x00000000b0000000, 0x00000000b5200000, 0x00000000c0000000)
  object space 83968K, 52% used [0x00000000b0000000,0x00000000b2b6fbe8,0x00000000b5200000)
Event: 7193.870 GC heap after
Heap after GC invocations=29 (full 6):
 PSYoungGen      total 116224K, used 1169K [0x00000000eaa80000, 0x00000000f5980000, 0x0000000100000000)
  eden space 114688K, 0% used [0x00000000eaa80000,0x00000000eaa80000,0x00000000f1a80000)
  from space 1536K, 76% used [0x00000000f3e00000,0x00000000f3f24470,0x00000000f3f80000)
  to   space 14336K, 0% used [0x00000000f4b80000,0x00000000f4b80000,0x00000000f5980000)
 ParOldGen       total 67584K, used 24072K [0x00000000c0000000, 0x00000000c4200000, 0x00000000eaa80000)
  object space 67584K, 35% used [0x00000000c0000000,0x00000000c17822f8,0x00000000c4200000)
 PSPermGen       total 83968K, used 44478K [0x00000000b0000000, 0x00000000b5200000, 0x00000000c0000000)
  object space 83968K, 52% used [0x00000000b0000000,0x00000000b2b6fbe8,0x00000000b5200000)
}
Event: 7193.950 GC heap before
{Heap before GC invocations=30 (full 7):
 PSYoungGen      total 116224K, used 1169K [0x00000000eaa80000, 0x00000000f5980000, 0x0000000100000000)
  eden space 114688K, 0% used [0x00000000eaa80000,0x00000000eaa80000,0x00000000f1a80000)
  from space 1536K, 76% used [0x00000000f3e00000,0x00000000f3f24470,0x00000000f3f80000)
  to   space 14336K, 0% used [0x00000000f4b80000,0x00000000f4b80000,0x00000000f5980000)
 ParOldGen       total 67584K, used 24072K [0x00000000c0000000, 0x00000000c4200000, 0x00000000eaa80000)
  object space 67584K, 35% used [0x00000000c0000000,0x00000000c17822f8,0x00000000c4200000)
 PSPermGen       total 83968K, used 44478K [0x00000000b0000000, 0x00000000b5200000, 0x00000000c0000000)
  object space 83968K, 52% used [0x00000000b0000000,0x00000000b2b6fbe8,0x00000000b5200000)
Event: 7206.592 GC heap after
Heap after GC invocations=30 (full 7):
 PSYoungGen      total 116224K, used 0K [0x00000000eaa80000, 0x00000000f5980000, 0x0000000100000000)
  eden space 114688K, 0% used [0x00000000eaa80000,0x00000000eaa80000,0x00000000f1a80000)
  from space 1536K, 0% used [0x00000000f3e00000,0x00000000f3e00000,0x00000000f3f80000)
  to   space 14336K, 0% used [0x00000000f4b80000,0x00000000f4b80000,0x00000000f5980000)
 ParOldGen       total 67584K, used 18486K [0x00000000c0000000, 0x00000000c4200000, 0x00000000eaa80000)
  object space 67584K, 27% used [0x00000000c0000000,0x00000000c120da50,0x00000000c4200000)
 PSPermGen       total 79360K, used 44170K [0x00000000b0000000, 0x00000000b4d80000, 0x00000000c0000000)
  object space 79360K, 55% used [0x00000000b0000000,0x00000000b2b22b50,0x00000000b4d80000)
}
Event: 7254.535 GC heap before
{Heap before GC invocations=31 (full 7):
 PSYoungGen      total 116224K, used 114688K [0x00000000eaa80000, 0x00000000f5980000, 0x0000000100000000)
  eden space 114688K, 100% used [0x00000000eaa80000,0x00000000f1a80000,0x00000000f1a80000)
  from space 1536K, 0% used [0x00000000f3e00000,0x00000000f3e00000,0x00000000f3f80000)
  to   space 14336K, 0% used [0x00000000f4b80000,0x00000000f4b80000,0x00000000f5980000)
 ParOldGen       total 67584K, used 18486K [0x00000000c0000000, 0x00000000c4200000, 0x00000000eaa80000)
  object space 67584K, 27% used [0x00000000c0000000,0x00000000c120da50,0x00000000c4200000)
 PSPermGen       total 79360K, used 44486K [0x00000000b0000000, 0x00000000b4d80000, 0x00000000c0000000)
  object space 79360K, 56% used [0x00000000b0000000,0x00000000b2b71aa8,0x00000000b4d80000)
Event: 7255.349 GC heap after
Heap after GC invocations=31 (full 7):
 PSYoungGen      total 116736K, used 6480K [0x00000000eaa80000, 0x00000000f5200000, 0x0000000100000000)
  eden space 110080K, 0% used [0x00000000eaa80000,0x00000000eaa80000,0x00000000f1600000)
  from space 6656K, 97% used [0x00000000f4b80000,0x00000000f51d4010,0x00000000f5200000)
  to   space 14336K, 0% used [0x00000000f3600000,0x00000000f3600000,0x00000000f4400000)
 ParOldGen       total 67584K, used 18486K [0x00000000c0000000, 0x00000000c4200000, 0x00000000eaa80000)
  object space 67584K, 27% used [0x00000000c0000000,0x00000000c120da50,0x00000000c4200000)
 PSPermGen       total 79360K, used 44486K [0x00000000b0000000, 0x00000000b4d80000, 0x00000000c0000000)
  object space 79360K, 56% used [0x00000000b0000000,0x00000000b2b71aa8,0x00000000b4d80000)
}

